  Main.cpp
  Grid.cpp
  Physics.cpp
  Player.cpp
  World.cpp
  Drone.cpp
  Particles.cpp
  Editor.cpp
  GeneralWindow.cpp
  DXConstantBuffer.cpp
  DXMesh.cpp
  DXRenderTarget.cpp
  DXShader.cpp
  DXTexture.cpp
  DirectX11Renderer.cpp
  Generating code
  4 of 6169 functions (<0.1%) were compiled, the rest were copied from previous compilation.
    0 functions were new in current compilation
    3 functions had inline decision re-evaluated but remain unchanged
  Finished generating code
  Cosmic.vcxproj -> F:\Telescope\Cosmic\build\x64\Release\Cosmic.exe
