f:\telescope\cosmic\cosmic\bin\x64\debug\navmesh.obj
f:\telescope\cosmic\cosmic\bin\x64\debug\editor.obj
f:\telescope\cosmic\cosmic\bin\x64\debug\assets.obj
f:\telescope\cosmic\cosmic\bin\x64\debug\imgui_demo.obj
f:\telescope\cosmic\cosmic\bin\x64\debug\imgui_impl_win32.obj
f:\telescope\cosmic\cosmic\bin\x64\debug\particles.obj
f:\telescope\cosmic\cosmic\bin\x64\debug\cosmicgeometry.obj
f:\telescope\cosmic\cosmic\bin\x64\debug\platform.obj
f:\telescope\cosmic\cosmic\bin\x64\debug\imgui_draw.obj
f:\telescope\cosmic\cosmic\bin\x64\debug\blockingqueue.obj
f:\telescope\cosmic\cosmic\bin\x64\debug\camera.obj
f:\telescope\cosmic\cosmic\bin\x64\debug\keyinput.obj
f:\telescope\cosmic\cosmic\bin\x64\debug\fileparsers.obj
f:\telescope\cosmic\cosmic\bin\x64\debug\imgui_widgets.obj
f:\telescope\cosmic\cosmic\bin\x64\debug\environment.obj
f:\telescope\cosmic\cosmic\bin\x64\debug\player.obj
f:\telescope\cosmic\cosmic\bin\x64\debug\mouseinput.obj
f:\telescope\cosmic\cosmic\bin\x64\debug\turret.obj
f:\telescope\cosmic\cosmic\bin\x64\debug\gamecamera.obj
f:\telescope\cosmic\cosmic\bin\x64\debug\entity.obj
f:\telescope\cosmic\cosmic\bin\x64\debug\main.obj
f:\telescope\cosmic\cosmic\bin\x64\debug\soundsystem.obj
f:\telescope\cosmic\cosmic\bin\x64\debug\physics.obj
f:\telescope\cosmic\cosmic\bin\x64\debug\win32platform.obj
f:\telescope\cosmic\cosmic\bin\x64\debug\world.obj
f:\telescope\cosmic\cosmic\bin\x64\debug\jobsystem.obj
f:\telescope\cosmic\cosmic\bin\x64\debug\retainlock.obj
f:\telescope\cosmic\cosmic\bin\x64\debug\directx11renderer.obj
f:\telescope\cosmic\cosmic\bin\x64\debug\imgui.obj
f:\telescope\cosmic\cosmic\bin\x64\debug\imguizmo.obj
f:\telescope\cosmic\cosmic\bin\x64\debug\imgui_impl_dx11.obj
f:\telescope\cosmic\cosmic\bin\x64\debug\grid.obj
f:\telescope\cosmic\cosmic\bin\x64\debug\generalwindow.obj
f:\telescope\cosmic\cosmic\bin\x64\debug\drone.obj
f:\telescope\cosmic\cosmic\bin\x64\debug\vc141.pdb
f:\telescope\cosmic\cosmic\bin\x64\debug\assettable.obj
f:\telescope\cosmic\cosmic\bin\x64\debug\vc141.idb
f:\telescope\cosmic\cosmic\bin\x64\debug\graphicscontext.obj
f:\telescope\cosmic\cosmic\bin\x64\debug\dxmesh.obj
f:\telescope\cosmic\cosmic\bin\x64\debug\dxdebug.obj
f:\telescope\cosmic\cosmic\bin\x64\debug\dxshader.obj
f:\telescope\cosmic\cosmic\bin\x64\debug\dxtexture.obj
f:\telescope\cosmic\cosmic\bin\x64\debug\bufferlayout.obj
f:\telescope\cosmic\cosmic\bin\x64\debug\dxconstantbuffer.obj
f:\telescope\cosmic\cosmic\bin\x64\debug\dxrendertarget.obj
f:\telescope\cosmic\res\complied_shaders\debug_line.pixl.cso
f:\telescope\cosmic\res\complied_shaders\post_processing.vert.cso
f:\telescope\cosmic\res\complied_shaders\post_processing.pixl.cso
f:\telescope\cosmic\res\complied_shaders\debug_line.vert.cso
f:\telescope\cosmic\res\complied_shaders\depth_writer.vert.cso
f:\telescope\cosmic\res\complied_shaders\depth_writer.pixl.cso
f:\telescope\cosmic\res\complied_shaders\basic_pbr.pixl.cso
f:\telescope\cosmic\res\complied_shaders\basic_pbr.vert.cso
f:\telescope\cosmic\build\x64\debug\cosmic.exe
f:\telescope\cosmic\build\x64\debug\cosmic.ilk
f:\telescope\cosmic\build\x64\debug\cosmic.pdb
f:\telescope\cosmic\cosmic\bin\x64\debug\cosmic.tlog\cl.command.1.tlog
f:\telescope\cosmic\cosmic\bin\x64\debug\cosmic.tlog\cl.read.1.tlog
f:\telescope\cosmic\cosmic\bin\x64\debug\cosmic.tlog\cl.write.1.tlog
f:\telescope\cosmic\cosmic\bin\x64\debug\cosmic.tlog\fxc.command.1.tlog
f:\telescope\cosmic\cosmic\bin\x64\debug\cosmic.tlog\fxc.read.1.tlog
f:\telescope\cosmic\cosmic\bin\x64\debug\cosmic.tlog\fxc.write.1.tlog
f:\telescope\cosmic\cosmic\bin\x64\debug\cosmic.tlog\link.command.1.tlog
f:\telescope\cosmic\cosmic\bin\x64\debug\cosmic.tlog\link.read.1.tlog
f:\telescope\cosmic\cosmic\bin\x64\debug\cosmic.tlog\link.write.1.tlog
